[
 {
  "Error": {
   "Message": "ERRORED! Got Exception (if any): ERROR: Bot #0: Received invalid character '    if planet in planned_planets:i'. (at character 5.)\nInput received from bot:\n    if planet in planned_planets:\n    ^; Response received (if any):     if planet in planned_planets:                                ^TabError: inconsistent use of tabs and spaces in indentation",
   "Turn": 1
  },
  "Frames": [
   {
    "Time": 64,
    "Turn": 0
   },
   {
    "Time": 0
   }
  ],
  "PlayerID": 0,
  "PlayerName": "  File \"MyBot.py\", line 52"
 },
 {
  "Error": {},
  "Frames": [
   {
    "Time": 78,
    "Turn": 0
   },
   {
    "Commands": [
     {
      "angle": 173,
      "magnitude": 3,
      "owner": 1,
      "queue_number": 0,
      "shipId": 5,
      "type": "thrust"
     },
     {
      "angle": 166,
      "magnitude": 3,
      "owner": 1,
      "queue_number": 0,
      "shipId": 4,
      "type": "thrust"
     },
     {
      "angle": 170,
      "magnitude": 3,
      "owner": 1,
      "queue_number": 0,
      "shipId": 3,
      "type": "thrust"
     }
    ],
    "Planets": null,
    "Ships": [
     {
      "cooldown": 0,
      "docking": {
       "status": "undocked"
      },
      "health": 255,
      "id": 5,
      "owner": 1,
      "vel_x": 0.0,
      "vel_y": 0.0,
      "x": 177.02236154507602,
      "y": 83.365608030215441
     },
     {
      "cooldown": 0,
      "docking": {
       "status": "undocked"
      },
      "health": 255,
      "id": 4,
      "owner": 1,
      "vel_x": 0.0,
      "vel_y": 0.0,
      "x": 177.08911282117202,
      "y": 77.725765686799008
     },
     {
      "cooldown": 0,
      "docking": {
       "status": "undocked"
      },
      "health": 255,
      "id": 3,
      "owner": 1,
      "vel_x": 0.0,
      "vel_y": 0.0,
      "x": 177.04557674096338,
      "y": 80.520944533000787
     }
    ],
    "Time": 0,
    "Turn": 1
   }
  ],
  "PlayerID": 1,
  "PlayerName": "Settler-v1"
 }
]
